<?xml version="1.0" encoding="UTF-8"?>
<testng-results skipped="0" failed="2" ignored="0" total="3" passed="1">
  <reporter-output>
  </reporter-output>
  <suite name="FrameWorkSuite" duration-ms="10830" started-at="2018-03-09T13:55:24Z" finished-at="2018-03-09T13:55:35Z">
    <groups>
    </groups>
    <test name="chrome" duration-ms="10830" started-at="2018-03-09T13:55:24Z" finished-at="2018-03-09T13:55:35Z">
      <class name="dummyProject.gmailRegistrationUsingFrameWork">
        <test-method status="PASS" signature="OpenBrowser(java.lang.String)[pri:0, instance:dummyProject.gmailRegistrationUsingFrameWork@1a482e36]" name="OpenBrowser" is-config="true" duration-ms="5269" started-at="2018-03-09T19:25:19Z" finished-at="2018-03-09T19:25:24Z">
          <params>
            <param index="0">
              <value>
                <![CDATA[chrome]]>
              </value>
            </param>
          </params>
          <reporter-output>
          </reporter-output>
        </test-method> <!-- OpenBrowser -->
        <test-method status="PASS" signature="getMethodName(java.lang.reflect.Method)[pri:0, instance:dummyProject.gmailRegistrationUsingFrameWork@1a482e36]" name="getMethodName" is-config="true" duration-ms="1" started-at="2018-03-09T19:25:24Z" finished-at="2018-03-09T19:25:24Z">
          <params>
            <param index="0">
              <value>
                <![CDATA[public void dummyProject.gmailRegistrationUsingFrameWork.loadUrlAndCheckCorrectPageIsOpenningOrNot()]]>
              </value>
            </param>
          </params>
          <reporter-output>
          </reporter-output>
        </test-method> <!-- getMethodName -->
        <test-method status="PASS" signature="loadUrlAndCheckCorrectPageIsOpenningOrNot()[pri:1, instance:dummyProject.gmailRegistrationUsingFrameWork@1a482e36]" name="loadUrlAndCheckCorrectPageIsOpenningOrNot" duration-ms="9959" started-at="2018-03-09T19:25:24Z" finished-at="2018-03-09T19:25:34Z">
          <reporter-output>
          </reporter-output>
        </test-method> <!-- loadUrlAndCheckCorrectPageIsOpenningOrNot -->
        <test-method status="PASS" signature="takeFailureTestCaseScreenShot(org.testng.ITestResult)[pri:0, instance:dummyProject.gmailRegistrationUsingFrameWork@1a482e36]" name="takeFailureTestCaseScreenShot" is-config="true" duration-ms="1" started-at="2018-03-09T19:25:34Z" finished-at="2018-03-09T19:25:34Z">
          <params>
            <param index="0">
              <value>
                <![CDATA[[TestResult name=loadUrlAndCheckCorrectPageIsOpenningOrNot status=SUCCESS method=gmailRegistrationUsingFrameWork.loadUrlAndCheckCorrectPageIsOpenningOrNot()[pri:1, instance:dummyProject.gmailRegistrationUsingFrameWork@1a482e36] output={null}]]]>
              </value>
            </param>
          </params>
          <reporter-output>
          </reporter-output>
        </test-method> <!-- takeFailureTestCaseScreenShot -->
        <test-method status="PASS" signature="getMethodName2(java.lang.reflect.Method)[pri:0, instance:dummyProject.gmailRegistrationUsingFrameWork@1a482e36]" name="getMethodName2" is-config="true" duration-ms="0" started-at="2018-03-09T19:25:34Z" finished-at="2018-03-09T19:25:34Z">
          <params>
            <param index="0">
              <value>
                <![CDATA[public void dummyProject.gmailRegistrationUsingFrameWork.loadUrlAndCheckCorrectPageIsOpenningOrNot()]]>
              </value>
            </param>
          </params>
          <reporter-output>
          </reporter-output>
        </test-method> <!-- getMethodName2 -->
        <test-method status="PASS" signature="getMethodName(java.lang.reflect.Method)[pri:0, instance:dummyProject.gmailRegistrationUsingFrameWork@1a482e36]" name="getMethodName" is-config="true" duration-ms="0" started-at="2018-03-09T19:25:34Z" finished-at="2018-03-09T19:25:34Z">
          <params>
            <param index="0">
              <value>
                <![CDATA[public void dummyProject.gmailRegistrationUsingFrameWork.openGmailRegistrationPage()]]>
              </value>
            </param>
          </params>
          <reporter-output>
          </reporter-output>
        </test-method> <!-- getMethodName -->
        <test-method status="FAIL" signature="openGmailRegistrationPage()[pri:2, instance:dummyProject.gmailRegistrationUsingFrameWork@1a482e36]" name="openGmailRegistrationPage" duration-ms="2" started-at="2018-03-09T19:25:34Z" finished-at="2018-03-09T19:25:34Z">
          <exception class="java.lang.ArrayIndexOutOfBoundsException">
            <message>
              <![CDATA[1]]>
            </message>
            <full-stacktrace>
              <![CDATA[java.lang.ArrayIndexOutOfBoundsException: 1at com.action.utility.action.getLocator(action.java:28)at com.action.utility.action.click(action.java:120)at dummyProject.gmailRegistrationUsingFrameWork.openGmailRegistrationPage(gmailRegistrationUsingFrameWork.java:35)at sun.reflect.NativeMethodAccessorImpl.invoke0(Native Method)at sun.reflect.NativeMethodAccessorImpl.invoke(NativeMethodAccessorImpl.java:62)at sun.reflect.DelegatingMethodAccessorImpl.invoke(DelegatingMethodAccessorImpl.java:43)at java.lang.reflect.Method.invoke(Method.java:498)at org.testng.internal.MethodInvocationHelper.invokeMethod(MethodInvocationHelper.java:124)at org.testng.internal.Invoker.invokeMethod(Invoker.java:571)at org.testng.internal.Invoker.invokeTestMethod(Invoker.java:707)at org.testng.internal.Invoker.invokeTestMethods(Invoker.java:979)at org.testng.internal.TestMethodWorker.invokeTestMethods(TestMethodWorker.java:125)at org.testng.internal.TestMethodWorker.run(TestMethodWorker.java:109)at org.testng.TestRunner.privateRun(TestRunner.java:648)at org.testng.TestRunner.run(TestRunner.java:505)at org.testng.SuiteRunner.runTest(SuiteRunner.java:455)at org.testng.SuiteRunner.runSequentially(SuiteRunner.java:450)at org.testng.SuiteRunner.privateRun(SuiteRunner.java:415)at org.testng.SuiteRunner.run(SuiteRunner.java:364)at org.testng.SuiteRunnerWorker.runSuite(SuiteRunnerWorker.java:52)at org.testng.SuiteRunnerWorker.run(SuiteRunnerWorker.java:84)at org.testng.TestNG.runSuitesSequentially(TestNG.java:1187)at org.testng.TestNG.runSuitesLocally(TestNG.java:1116)at org.testng.TestNG.runSuites(TestNG.java:1028)at org.testng.TestNG.run(TestNG.java:996)at org.testng.remote.AbstractRemoteTestNG.run(AbstractRemoteTestNG.java:114)at org.testng.remote.RemoteTestNG.initAndRun(RemoteTestNG.java:251)at org.testng.remote.RemoteTestNG.main(RemoteTestNG.java:77)]]>
            </full-stacktrace>
          </exception> <!-- java.lang.ArrayIndexOutOfBoundsException -->
          <reporter-output>
          </reporter-output>
        </test-method> <!-- openGmailRegistrationPage -->
        <test-method status="PASS" signature="getMethodName2(java.lang.reflect.Method)[pri:0, instance:dummyProject.gmailRegistrationUsingFrameWork@1a482e36]" name="getMethodName2" is-config="true" duration-ms="1" started-at="2018-03-09T19:25:34Z" finished-at="2018-03-09T19:25:34Z">
          <params>
            <param index="0">
              <value>
                <![CDATA[public void dummyProject.gmailRegistrationUsingFrameWork.openGmailRegistrationPage()]]>
              </value>
            </param>
          </params>
          <reporter-output>
          </reporter-output>
        </test-method> <!-- getMethodName2 -->
        <test-method status="PASS" signature="takeFailureTestCaseScreenShot(org.testng.ITestResult)[pri:0, instance:dummyProject.gmailRegistrationUsingFrameWork@1a482e36]" name="takeFailureTestCaseScreenShot" is-config="true" duration-ms="474" started-at="2018-03-09T19:25:34Z" finished-at="2018-03-09T19:25:35Z">
          <params>
            <param index="0">
              <value>
                <![CDATA[[TestResult name=openGmailRegistrationPage status=FAILURE method=gmailRegistrationUsingFrameWork.openGmailRegistrationPage()[pri:2, instance:dummyProject.gmailRegistrationUsingFrameWork@1a482e36] output={null}]]]>
              </value>
            </param>
          </params>
          <reporter-output>
          </reporter-output>
        </test-method> <!-- takeFailureTestCaseScreenShot -->
        <test-method status="PASS" signature="getMethodName(java.lang.reflect.Method)[pri:0, instance:dummyProject.gmailRegistrationUsingFrameWork@1a482e36]" name="getMethodName" is-config="true" duration-ms="1" started-at="2018-03-09T19:25:35Z" finished-at="2018-03-09T19:25:35Z">
          <params>
            <param index="0">
              <value>
                <![CDATA[public void dummyProject.gmailRegistrationUsingFrameWork.fillGmailRegistratationForm()]]>
              </value>
            </param>
          </params>
          <reporter-output>
          </reporter-output>
        </test-method> <!-- getMethodName -->
        <test-method status="FAIL" signature="fillGmailRegistratationForm()[pri:3, instance:dummyProject.gmailRegistrationUsingFrameWork@1a482e36]" name="fillGmailRegistratationForm" duration-ms="26" started-at="2018-03-09T19:25:35Z" finished-at="2018-03-09T19:25:35Z">
          <exception class="java.lang.ArrayIndexOutOfBoundsException">
            <message>
              <![CDATA[1]]>
            </message>
            <full-stacktrace>
              <![CDATA[java.lang.ArrayIndexOutOfBoundsException: 1at com.action.utility.action.getLocator(action.java:28)at com.action.utility.action.sendKeys(action.java:112)at dummyProject.gmailRegistrationUsingFrameWork.fillGmailRegistratationForm(gmailRegistrationUsingFrameWork.java:57)at sun.reflect.NativeMethodAccessorImpl.invoke0(Native Method)at sun.reflect.NativeMethodAccessorImpl.invoke(NativeMethodAccessorImpl.java:62)at sun.reflect.DelegatingMethodAccessorImpl.invoke(DelegatingMethodAccessorImpl.java:43)at java.lang.reflect.Method.invoke(Method.java:498)at org.testng.internal.MethodInvocationHelper.invokeMethod(MethodInvocationHelper.java:124)at org.testng.internal.Invoker.invokeMethod(Invoker.java:571)at org.testng.internal.Invoker.invokeTestMethod(Invoker.java:707)at org.testng.internal.Invoker.invokeTestMethods(Invoker.java:979)at org.testng.internal.TestMethodWorker.invokeTestMethods(TestMethodWorker.java:125)at org.testng.internal.TestMethodWorker.run(TestMethodWorker.java:109)at org.testng.TestRunner.privateRun(TestRunner.java:648)at org.testng.TestRunner.run(TestRunner.java:505)at org.testng.SuiteRunner.runTest(SuiteRunner.java:455)at org.testng.SuiteRunner.runSequentially(SuiteRunner.java:450)at org.testng.SuiteRunner.privateRun(SuiteRunner.java:415)at org.testng.SuiteRunner.run(SuiteRunner.java:364)at org.testng.SuiteRunnerWorker.runSuite(SuiteRunnerWorker.java:52)at org.testng.SuiteRunnerWorker.run(SuiteRunnerWorker.java:84)at org.testng.TestNG.runSuitesSequentially(TestNG.java:1187)at org.testng.TestNG.runSuitesLocally(TestNG.java:1116)at org.testng.TestNG.runSuites(TestNG.java:1028)at org.testng.TestNG.run(TestNG.java:996)at org.testng.remote.AbstractRemoteTestNG.run(AbstractRemoteTestNG.java:114)at org.testng.remote.RemoteTestNG.initAndRun(RemoteTestNG.java:251)at org.testng.remote.RemoteTestNG.main(RemoteTestNG.java:77)]]>
            </full-stacktrace>
          </exception> <!-- java.lang.ArrayIndexOutOfBoundsException -->
          <reporter-output>
          </reporter-output>
        </test-method> <!-- fillGmailRegistratationForm -->
        <test-method status="PASS" signature="getMethodName2(java.lang.reflect.Method)[pri:0, instance:dummyProject.gmailRegistrationUsingFrameWork@1a482e36]" name="getMethodName2" is-config="true" duration-ms="0" started-at="2018-03-09T19:25:35Z" finished-at="2018-03-09T19:25:35Z">
          <params>
            <param index="0">
              <value>
                <![CDATA[public void dummyProject.gmailRegistrationUsingFrameWork.fillGmailRegistratationForm()]]>
              </value>
            </param>
          </params>
          <reporter-output>
          </reporter-output>
        </test-method> <!-- getMethodName2 -->
        <test-method status="PASS" signature="takeFailureTestCaseScreenShot(org.testng.ITestResult)[pri:0, instance:dummyProject.gmailRegistrationUsingFrameWork@1a482e36]" name="takeFailureTestCaseScreenShot" is-config="true" duration-ms="323" started-at="2018-03-09T19:25:35Z" finished-at="2018-03-09T19:25:35Z">
          <params>
            <param index="0">
              <value>
                <![CDATA[[TestResult name=fillGmailRegistratationForm status=FAILURE method=gmailRegistrationUsingFrameWork.fillGmailRegistratationForm()[pri:3, instance:dummyProject.gmailRegistrationUsingFrameWork@1a482e36] output={null}]]]>
              </value>
            </param>
          </params>
          <reporter-output>
          </reporter-output>
        </test-method> <!-- takeFailureTestCaseScreenShot -->
        <test-method status="PASS" signature="closeBrowser()[pri:0, instance:dummyProject.gmailRegistrationUsingFrameWork@1a482e36]" name="closeBrowser" is-config="true" duration-ms="706" started-at="2018-03-09T19:25:35Z" finished-at="2018-03-09T19:25:36Z">
          <reporter-output>
          </reporter-output>
        </test-method> <!-- closeBrowser -->
      </class> <!-- dummyProject.gmailRegistrationUsingFrameWork -->
    </test> <!-- chrome -->
  </suite> <!-- FrameWorkSuite -->
</testng-results>
